This is pdfTeX, Version 3.14159265-2.6-1.40.20 (TeX Live 2019) (preloaded format=pdflatex 2020.3.2)  26 JUN 2021 15:05
entering extended mode
 restricted \write18 enabled.
 %&-line parsing enabled.
**STA3041F_Notes.tex
(/usr/local/texlive/2019basic/texmf-dist/tex/latex/tools/q.tex
LaTeX2e <2019-10-01>
File ignored
)
! Emergency stop.
<*> STA3041F_Notes.tex
                      
*** (job aborted, no legal \end found)

 
Here is how much of TeX's memory you used:
 7 strings out of 493610
 283 string characters out of 6159294
 55281 words of memory out of 5000000
 4260 multiletter control sequences out of 15000+600000
 3640 words of font info for 14 fonts, out of 8000000 for 9000
 319 hyphenation exceptions out of 8191
 5i,0n,1p,98b,8s stack positions out of 5000i,500n,10000p,200000b,80000s
!  ==> Fatal error occurred, no output PDF file produced!
